c:\users\bivashko\documents\visual studio 2015\projects\poolallocator\homework\bohdan.ivashko\10-3d\graphics\graphics\debug\vc140.pdb
c:\users\bivashko\documents\visual studio 2015\projects\poolallocator\homework\bohdan.ivashko\10-3d\graphics\graphics\debug\vc140.idb
c:\users\bivashko\documents\visual studio 2015\projects\poolallocator\homework\bohdan.ivashko\10-3d\graphics\graphics\debug\interface.obj
c:\users\bivashko\documents\visual studio 2015\projects\poolallocator\homework\bohdan.ivashko\10-3d\graphics\graphics\debug\main.obj
c:\users\bivashko\documents\visual studio 2015\projects\poolallocator\homework\bohdan.ivashko\10-3d\graphics\graphics\debug\model.obj
c:\users\bivashko\documents\visual studio 2015\projects\poolallocator\homework\bohdan.ivashko\10-3d\graphics\graphics\debug\shader.obj
c:\users\bivashko\documents\visual studio 2015\projects\poolallocator\homework\bohdan.ivashko\10-3d\graphics\graphics\debug\viewpoint.obj
c:\users\bivashko\documents\visual studio 2015\projects\poolallocator\homework\bohdan.ivashko\10-3d\graphics\graphics\debug\vc141.pdb
c:\users\bivashko\documents\visual studio 2015\projects\poolallocator\homework\bohdan.ivashko\10-3d\graphics\graphics\debug\vc141.idb
d:\work\graphics\graphics\debug\vc141.pdb
d:\work\graphics\graphics\debug\vc141.idb
d:\work\graphics\graphics\debug\viewpoint.obj
d:\work\graphics\graphics\debug\shader.obj
d:\work\graphics\graphics\debug\model.obj
d:\work\graphics\graphics\debug\main.obj
d:\work\graphics\graphics\debug\interface.obj
c:\users\bivashko\documents\univer_tmp\graphics\graphics\debug\vc141.pdb
c:\users\bivashko\documents\univer_tmp\graphics\graphics\debug\vc141.idb
c:\users\bivashko\documents\univer_tmp\graphics\graphics\debug\viewpoint.obj
c:\users\bivashko\documents\univer_tmp\graphics\graphics\debug\shader.obj
c:\users\bivashko\documents\univer_tmp\graphics\graphics\debug\model.obj
c:\users\bivashko\documents\univer_tmp\graphics\graphics\debug\main.obj
c:\users\bivashko\documents\univer_tmp\graphics\graphics\debug\interface.obj
d:\graphics\graphics\graphics\debug\vc141.pdb
d:\graphics\graphics\graphics\debug\vc141.idb
d:\graphics\graphics\graphics\debug\viewpoint.obj
d:\graphics\graphics\graphics\debug\shader.obj
d:\graphics\graphics\graphics\debug\model.obj
d:\graphics\graphics\graphics\debug\main.obj
d:\graphics\graphics\graphics\debug\interface.obj
c:\users\bivashko\documents\visual studio 2015\projects\poolallocator\homework\bohdan.ivashko\10-3d\graphics\debug\graphics.ilk
c:\users\bivashko\documents\visual studio 2015\projects\poolallocator\homework\bohdan.ivashko\10-3d\graphics\debug\graphics.exe
c:\users\bivashko\documents\visual studio 2015\projects\poolallocator\homework\bohdan.ivashko\10-3d\graphics\debug\graphics.pdb
d:\work\graphics\debug\graphics.exe
d:\work\graphics\debug\graphics.ilk
d:\work\graphics\debug\graphics.pdb
c:\users\bivashko\documents\univer_tmp\graphics\debug\graphics.exe
c:\users\bivashko\documents\univer_tmp\graphics\debug\graphics.ilk
c:\users\bivashko\documents\univer_tmp\graphics\debug\graphics.pdb
d:\graphics\graphics\debug\graphics.ilk
d:\graphics\graphics\debug\graphics.exe
d:\graphics\graphics\debug\graphics.pdb
d:\graphics\graphics\graphics\debug\vc140.idb
d:\graphics\graphics\graphics\debug\vc140.pdb
d:\graphics\graphics\graphics\debug\graphics.tlog\cl.command.1.tlog
d:\graphics\graphics\graphics\debug\graphics.tlog\cl.read.1.tlog
d:\graphics\graphics\graphics\debug\graphics.tlog\cl.write.1.tlog
d:\graphics\graphics\graphics\debug\graphics.tlog\link.command.1.tlog
d:\graphics\graphics\graphics\debug\graphics.tlog\link.read.1.tlog
d:\graphics\graphics\graphics\debug\graphics.tlog\link.write.1.tlog
